AARCH64 GAS  load.asm 			page 1


   1              	.data
   2              	
   3 0000 54686520 	output1: .asciz "The number is %lx\n"
   3      6E756D62 
   3      65722069 
   3      7320256C 
   3      780A00
   4 0013 54686520 	output2: .asciz "The negative number is %i\n"
   4      6E656761 
   4      74697665 
   4      206E756D 
   4      62657220 
   5              	
   6              	.text
   7              	
   8              	.global main
   9              	
  10              	main:
  11 0000 FD7BBFA9 		stp x29, x30, [sp, #-16]!
  12 0004 E1DD97D2 		movz x1, #0xBEEF
  13 0008 A1D5BBF2 		movk x1, #0xDEAD, lsl #16
  14 000c C15BD9F2 		movk x1, #0xCADE, lsl #32
  15 0010 A1DDFFF2 		movk x1, #0xFEED, lsl #48
  16 0014 20010058 		ldr x0, =output1
  17 0018 00000094 		bl printf
  18 001c E1E48012 		movn w1, #0x727
  19 0020 00010058 		ldr x0, =output2
  20 0024 00000094 		bl printf
  21              	
  22              	
  23              	
  24              	
  25              	
  26 0028 FD7BC1A8 		ldp x29, x30, [sp], #16
  27 002c 00008052 		mov w0, #0
  28 0030 C0035FD6 		ret
  28      00000000 
  28      00000000 
  28      00000000 
  28      00000000 
AARCH64 GAS  load.asm 			page 2


DEFINED SYMBOLS
            load.asm:3      .data:0000000000000000 output1
            load.asm:4      .data:0000000000000013 output2
            load.asm:10     .text:0000000000000000 main
            load.asm:11     .text:0000000000000000 $x
            load.asm:28     .text:0000000000000038 $d

UNDEFINED SYMBOLS
printf
